  ConsoleApplication1.cpp
C:\Users\Nikolay\Documents\GitHub\programming\Practice\29\C++\ConsoleApplication1\ConsoleApplication1\ConsoleApplication1.cpp(126,76): warning C4566: символ, представленный универсальным именем символа "\u2500", невозможно представить в текущей кодовой странице (1251)
C:\Users\Nikolay\Documents\GitHub\programming\Practice\29\C++\ConsoleApplication1\ConsoleApplication1\ConsoleApplication1.cpp(127,16): warning C4566: символ, представленный универсальным именем символа "\u250C", невозможно представить в текущей кодовой странице (1251)
C:\Users\Nikolay\Documents\GitHub\programming\Practice\29\C++\ConsoleApplication1\ConsoleApplication1\ConsoleApplication1.cpp(127,16): warning C4566: символ, представленный универсальным именем символа "\u2500", невозможно представить в текущей кодовой странице (1251)
C:\Users\Nikolay\Documents\GitHub\programming\Practice\29\C++\ConsoleApplication1\ConsoleApplication1\ConsoleApplication1.cpp(127,39): warning C4566: символ, представленный универсальным именем символа "\u2500", невозможно представить в текущей кодовой странице (1251)
C:\Users\Nikolay\Documents\GitHub\programming\Practice\29\C++\ConsoleApplication1\ConsoleApplication1\ConsoleApplication1.cpp(127,39): warning C4566: символ, представленный универсальным именем символа "\u252C", невозможно представить в текущей кодовой странице (1251)
C:\Users\Nikolay\Documents\GitHub\programming\Practice\29\C++\ConsoleApplication1\ConsoleApplication1\ConsoleApplication1.cpp(127,39): warning C4566: символ, представленный универсальным именем символа "\u2510", невозможно представить в текущей кодовой странице (1251)
C:\Users\Nikolay\Documents\GitHub\programming\Practice\29\C++\ConsoleApplication1\ConsoleApplication1\ConsoleApplication1.cpp(128,16): warning C4566: символ, представленный универсальным именем символа "\u2502", невозможно представить в текущей кодовой странице (1251)
C:\Users\Nikolay\Documents\GitHub\programming\Practice\29\C++\ConsoleApplication1\ConsoleApplication1\ConsoleApplication1.cpp(129,16): warning C4566: символ, представленный универсальным именем символа "\u2502", невозможно представить в текущей кодовой странице (1251)
C:\Users\Nikolay\Documents\GitHub\programming\Practice\29\C++\ConsoleApplication1\ConsoleApplication1\ConsoleApplication1.cpp(130,16): warning C4566: символ, представленный универсальным именем символа "\u251C", невозможно представить в текущей кодовой странице (1251)
C:\Users\Nikolay\Documents\GitHub\programming\Practice\29\C++\ConsoleApplication1\ConsoleApplication1\ConsoleApplication1.cpp(130,16): warning C4566: символ, представленный универсальным именем символа "\u2500", невозможно представить в текущей кодовой странице (1251)
C:\Users\Nikolay\Documents\GitHub\programming\Practice\29\C++\ConsoleApplication1\ConsoleApplication1\ConsoleApplication1.cpp(130,39): warning C4566: символ, представленный универсальным именем символа "\u2500", невозможно представить в текущей кодовой странице (1251)
C:\Users\Nikolay\Documents\GitHub\programming\Practice\29\C++\ConsoleApplication1\ConsoleApplication1\ConsoleApplication1.cpp(130,39): warning C4566: символ, представленный универсальным именем символа "\u253C", невозможно представить в текущей кодовой странице (1251)
C:\Users\Nikolay\Documents\GitHub\programming\Practice\29\C++\ConsoleApplication1\ConsoleApplication1\ConsoleApplication1.cpp(130,39): warning C4566: символ, представленный универсальным именем символа "\u2524", невозможно представить в текущей кодовой странице (1251)
C:\Users\Nikolay\Documents\GitHub\programming\Practice\29\C++\ConsoleApplication1\ConsoleApplication1\ConsoleApplication1.cpp(131,16): warning C4566: символ, представленный универсальным именем символа "\u2502", невозможно представить в текущей кодовой странице (1251)
C:\Users\Nikolay\Documents\GitHub\programming\Practice\29\C++\ConsoleApplication1\ConsoleApplication1\ConsoleApplication1.cpp(131,45): warning C4566: символ, представленный универсальным именем символа "\u2502", невозможно представить в текущей кодовой странице (1251)
C:\Users\Nikolay\Documents\GitHub\programming\Practice\29\C++\ConsoleApplication1\ConsoleApplication1\ConsoleApplication1.cpp(132,16): warning C4566: символ, представленный универсальным именем символа "\u2502", невозможно представить в текущей кодовой странице (1251)
C:\Users\Nikolay\Documents\GitHub\programming\Practice\29\C++\ConsoleApplication1\ConsoleApplication1\ConsoleApplication1.cpp(133,16): warning C4566: символ, представленный универсальным именем символа "\u2502", невозможно представить в текущей кодовой странице (1251)
C:\Users\Nikolay\Documents\GitHub\programming\Practice\29\C++\ConsoleApplication1\ConsoleApplication1\ConsoleApplication1.cpp(134,16): warning C4566: символ, представленный универсальным именем символа "\u2502", невозможно представить в текущей кодовой странице (1251)
C:\Users\Nikolay\Documents\GitHub\programming\Practice\29\C++\ConsoleApplication1\ConsoleApplication1\ConsoleApplication1.cpp(135,16): warning C4566: символ, представленный универсальным именем символа "\u2502", невозможно представить в текущей кодовой странице (1251)
C:\Users\Nikolay\Documents\GitHub\programming\Practice\29\C++\ConsoleApplication1\ConsoleApplication1\ConsoleApplication1.cpp(136,16): warning C4566: символ, представленный универсальным именем символа "\u2502", невозможно представить в текущей кодовой странице (1251)
C:\Users\Nikolay\Documents\GitHub\programming\Practice\29\C++\ConsoleApplication1\ConsoleApplication1\ConsoleApplication1.cpp(137,16): warning C4566: символ, представленный универсальным именем символа "\u2514", невозможно представить в текущей кодовой странице (1251)
C:\Users\Nikolay\Documents\GitHub\programming\Practice\29\C++\ConsoleApplication1\ConsoleApplication1\ConsoleApplication1.cpp(137,16): warning C4566: символ, представленный универсальным именем символа "\u2500", невозможно представить в текущей кодовой странице (1251)
C:\Users\Nikolay\Documents\GitHub\programming\Practice\29\C++\ConsoleApplication1\ConsoleApplication1\ConsoleApplication1.cpp(137,39): warning C4566: символ, представленный универсальным именем символа "\u2500", невозможно представить в текущей кодовой странице (1251)
C:\Users\Nikolay\Documents\GitHub\programming\Practice\29\C++\ConsoleApplication1\ConsoleApplication1\ConsoleApplication1.cpp(137,39): warning C4566: символ, представленный универсальным именем символа "\u2534", невозможно представить в текущей кодовой странице (1251)
C:\Users\Nikolay\Documents\GitHub\programming\Practice\29\C++\ConsoleApplication1\ConsoleApplication1\ConsoleApplication1.cpp(137,39): warning C4566: символ, представленный универсальным именем символа "\u2518", невозможно представить в текущей кодовой странице (1251)
C:\Users\Nikolay\Documents\GitHub\programming\Practice\29\C++\ConsoleApplication1\ConsoleApplication1\ConsoleApplication1.cpp(157,44): warning C4018: <: несоответствие типов со знаком и без знака
C:\Users\Nikolay\Documents\GitHub\programming\Practice\29\C++\ConsoleApplication1\ConsoleApplication1\ConsoleApplication1.cpp(157,72): warning C4566: символ, представленный универсальным именем символа "\u2500", невозможно представить в текущей кодовой странице (1251)
C:\Users\Nikolay\Documents\GitHub\programming\Practice\29\C++\ConsoleApplication1\ConsoleApplication1\ConsoleApplication1.cpp(158,12): warning C4566: символ, представленный универсальным именем символа "\u250C", невозможно представить в текущей кодовой странице (1251)
C:\Users\Nikolay\Documents\GitHub\programming\Practice\29\C++\ConsoleApplication1\ConsoleApplication1\ConsoleApplication1.cpp(158,12): warning C4566: символ, представленный универсальным именем символа "\u2500", невозможно представить в текущей кодовой странице (1251)
C:\Users\Nikolay\Documents\GitHub\programming\Practice\29\C++\ConsoleApplication1\ConsoleApplication1\ConsoleApplication1.cpp(158,35): warning C4566: символ, представленный универсальным именем символа "\u2500", невозможно представить в текущей кодовой странице (1251)
C:\Users\Nikolay\Documents\GitHub\programming\Practice\29\C++\ConsoleApplication1\ConsoleApplication1\ConsoleApplication1.cpp(158,35): warning C4566: символ, представленный универсальным именем символа "\u252C", невозможно представить в текущей кодовой странице (1251)
C:\Users\Nikolay\Documents\GitHub\programming\Practice\29\C++\ConsoleApplication1\ConsoleApplication1\ConsoleApplication1.cpp(158,35): warning C4566: символ, представленный универсальным именем символа "\u2510", невозможно представить в текущей кодовой странице (1251)
C:\Users\Nikolay\Documents\GitHub\programming\Practice\29\C++\ConsoleApplication1\ConsoleApplication1\ConsoleApplication1.cpp(159,12): warning C4566: символ, представленный универсальным именем символа "\u2502", невозможно представить в текущей кодовой странице (1251)
C:\Users\Nikolay\Documents\GitHub\programming\Practice\29\C++\ConsoleApplication1\ConsoleApplication1\ConsoleApplication1.cpp(160,12): warning C4566: символ, представленный универсальным именем символа "\u2502", невозможно представить в текущей кодовой странице (1251)
C:\Users\Nikolay\Documents\GitHub\programming\Practice\29\C++\ConsoleApplication1\ConsoleApplication1\ConsoleApplication1.cpp(161,12): warning C4566: символ, представленный универсальным именем символа "\u251C", невозможно представить в текущей кодовой странице (1251)
C:\Users\Nikolay\Documents\GitHub\programming\Practice\29\C++\ConsoleApplication1\ConsoleApplication1\ConsoleApplication1.cpp(161,12): warning C4566: символ, представленный универсальным именем символа "\u2500", невозможно представить в текущей кодовой странице (1251)
C:\Users\Nikolay\Documents\GitHub\programming\Practice\29\C++\ConsoleApplication1\ConsoleApplication1\ConsoleApplication1.cpp(161,35): warning C4566: символ, представленный универсальным именем символа "\u2500", невозможно представить в текущей кодовой странице (1251)
C:\Users\Nikolay\Documents\GitHub\programming\Practice\29\C++\ConsoleApplication1\ConsoleApplication1\ConsoleApplication1.cpp(161,35): warning C4566: символ, представленный универсальным именем символа "\u253C", невозможно представить в текущей кодовой странице (1251)
C:\Users\Nikolay\Documents\GitHub\programming\Practice\29\C++\ConsoleApplication1\ConsoleApplication1\ConsoleApplication1.cpp(161,35): warning C4566: символ, представленный универсальным именем символа "\u2524", невозможно представить в текущей кодовой странице (1251)
C:\Users\Nikolay\Documents\GitHub\programming\Practice\29\C++\ConsoleApplication1\ConsoleApplication1\ConsoleApplication1.cpp(164,16): warning C4566: символ, представленный универсальным именем символа "\u2502", невозможно представить в текущей кодовой странице (1251)
C:\Users\Nikolay\Documents\GitHub\programming\Practice\29\C++\ConsoleApplication1\ConsoleApplication1\ConsoleApplication1.cpp(166,16): warning C4566: символ, представленный универсальным именем символа "\u2502", невозможно представить в текущей кодовой странице (1251)
C:\Users\Nikolay\Documents\GitHub\programming\Practice\29\C++\ConsoleApplication1\ConsoleApplication1\ConsoleApplication1.cpp(167,16): warning C4566: символ, представленный универсальным именем символа "\u2502", невозможно представить в текущей кодовой странице (1251)
C:\Users\Nikolay\Documents\GitHub\programming\Practice\29\C++\ConsoleApplication1\ConsoleApplication1\ConsoleApplication1.cpp(168,16): warning C4566: символ, представленный универсальным именем символа "\u2502", невозможно представить в текущей кодовой странице (1251)
C:\Users\Nikolay\Documents\GitHub\programming\Practice\29\C++\ConsoleApplication1\ConsoleApplication1\ConsoleApplication1.cpp(169,16): warning C4566: символ, представленный универсальным именем символа "\u2502", невозможно представить в текущей кодовой странице (1251)
C:\Users\Nikolay\Documents\GitHub\programming\Practice\29\C++\ConsoleApplication1\ConsoleApplication1\ConsoleApplication1.cpp(170,16): warning C4566: символ, представленный универсальным именем символа "\u2502", невозможно представить в текущей кодовой странице (1251)
C:\Users\Nikolay\Documents\GitHub\programming\Practice\29\C++\ConsoleApplication1\ConsoleApplication1\ConsoleApplication1.cpp(171,16): warning C4566: символ, представленный универсальным именем символа "\u2502", невозможно представить в текущей кодовой странице (1251)
C:\Users\Nikolay\Documents\GitHub\programming\Practice\29\C++\ConsoleApplication1\ConsoleApplication1\ConsoleApplication1.cpp(172,16): warning C4566: символ, представленный универсальным именем символа "\u251C", невозможно представить в текущей кодовой странице (1251)
C:\Users\Nikolay\Documents\GitHub\programming\Practice\29\C++\ConsoleApplication1\ConsoleApplication1\ConsoleApplication1.cpp(172,16): warning C4566: символ, представленный универсальным именем символа "\u2500", невозможно представить в текущей кодовой странице (1251)
C:\Users\Nikolay\Documents\GitHub\programming\Practice\29\C++\ConsoleApplication1\ConsoleApplication1\ConsoleApplication1.cpp(172,39): warning C4566: символ, представленный универсальным именем символа "\u2500", невозможно представить в текущей кодовой странице (1251)
C:\Users\Nikolay\Documents\GitHub\programming\Practice\29\C++\ConsoleApplication1\ConsoleApplication1\ConsoleApplication1.cpp(172,39): warning C4566: символ, представленный универсальным именем символа "\u253C", невозможно представить в текущей кодовой странице (1251)
C:\Users\Nikolay\Documents\GitHub\programming\Practice\29\C++\ConsoleApplication1\ConsoleApplication1\ConsoleApplication1.cpp(172,39): warning C4566: символ, представленный универсальным именем символа "\u2524", невозможно представить в текущей кодовой странице (1251)
C:\Users\Nikolay\Documents\GitHub\programming\Practice\29\C++\ConsoleApplication1\ConsoleApplication1\ConsoleApplication1.cpp(174,20): warning C4566: символ, представленный универсальным именем символа "\u2514", невозможно представить в текущей кодовой странице (1251)
C:\Users\Nikolay\Documents\GitHub\programming\Practice\29\C++\ConsoleApplication1\ConsoleApplication1\ConsoleApplication1.cpp(174,20): warning C4566: символ, представленный универсальным именем символа "\u2500", невозможно представить в текущей кодовой странице (1251)
C:\Users\Nikolay\Documents\GitHub\programming\Practice\29\C++\ConsoleApplication1\ConsoleApplication1\ConsoleApplication1.cpp(174,43): warning C4566: символ, представленный универсальным именем символа "\u2500", невозможно представить в текущей кодовой странице (1251)
C:\Users\Nikolay\Documents\GitHub\programming\Practice\29\C++\ConsoleApplication1\ConsoleApplication1\ConsoleApplication1.cpp(174,43): warning C4566: символ, представленный универсальным именем символа "\u2534", невозможно представить в текущей кодовой странице (1251)
C:\Users\Nikolay\Documents\GitHub\programming\Practice\29\C++\ConsoleApplication1\ConsoleApplication1\ConsoleApplication1.cpp(174,43): warning C4566: символ, представленный универсальным именем символа "\u2518", невозможно представить в текущей кодовой странице (1251)
C:\Users\Nikolay\Documents\GitHub\programming\Practice\29\C++\ConsoleApplication1\ConsoleApplication1\ConsoleApplication1.cpp(181,25): warning C4244: аргумент: преобразование "time_t" в "unsigned int", возможна потеря данных
  ConsoleApplication1.vcxproj -> C:\Users\Nikolay\Documents\GitHub\programming\Practice\29\C++\ConsoleApplication1\Debug\ConsoleApplication1.exe
